# JRE version: OpenJDK Runtime Environment Temurin-17.0.4.1+1 (17.0.4.1+1) (build 17.0.4.1+1)
# Java VM: OpenJDK 64-Bit Server VM Temurin-17.0.4.1+1 (17.0.4.1+1, mixed mode, emulated-client, tiered, compressed oops, compressed class ptrs, g1 gc, windows-amd64)
GC Precious Log:
 CPUs: 16 total, 16 available
 Memory: 11626M
 Large Page Support: Disabled
 NUMA Support: Disabled
 Compressed Oops: Enabled (Zero based)
 Heap Region Size: 2M
 Heap Min Capacity: 8M
 Heap Initial Capacity: 182M
 Heap Max Capacity: 2908M
 Pre-touch: Disabled
 Parallel Workers: 13
 Concurrent Workers: 3
 Concurrent Refinement Workers: 13
 Periodic GC: Disabled
Heap:
 garbage-first heap   total 387072K, used 102984K [0x000000074a400000, 0x0000000800000000)
  region size 2048K, 9 young (18432K), 9 survivors (18432K)
 Metaspace       used 35563K, committed 35904K, reserved 1081344K
  class space    used 4610K, committed 4800K, reserved 1048576K
GC Heap History (20 events):
Event: 8.600 GC heap after
{Heap after GC invocations=15 (full 0):
 garbage-first heap   total 79872K, used 42290K [0x000000074a400000, 0x0000000800000000)
  region size 2048K, 2 young (4096K), 2 survivors (4096K)
 Metaspace       used 35414K, committed 35712K, reserved 1081344K
  class space    used 4586K, committed 4736K, reserved 1048576K
}
Event: 8.630 GC heap before
{Heap before GC invocations=15 (full 0):
 garbage-first heap   total 79872K, used 58674K [0x000000074a400000, 0x0000000800000000)
  region size 2048K, 10 young (20480K), 2 survivors (4096K)
 Metaspace       used 35414K, committed 35712K, reserved 1081344K
  class space    used 4586K, committed 4736K, reserved 1048576K
}
Event: 8.633 GC heap after
{Heap after GC invocations=16 (full 0):
 garbage-first heap   total 159744K, used 45420K [0x000000074a400000, 0x0000000800000000)
  region size 2048K, 2 young (4096K), 2 survivors (4096K)
 Metaspace       used 35414K, committed 35712K, reserved 1081344K
  class space    used 4586K, committed 4736K, reserved 1048576K
}
Event: 8.849 GC heap before
{Heap before GC invocations=17 (full 0):
 garbage-first heap   total 159744K, used 100716K [0x000000074a400000, 0x0000000800000000)
  region size 2048K, 30 young (61440K), 2 survivors (4096K)
 Metaspace       used 35464K, committed 35776K, reserved 1081344K
  class space    used 4596K, committed 4736K, reserved 1048576K
}
Event: 8.874 GC heap after
{Heap after GC invocations=18 (full 0):
 garbage-first heap   total 159744K, used 60496K [0x000000074a400000, 0x0000000800000000)
  region size 2048K, 4 young (8192K), 4 survivors (8192K)
 Metaspace       used 35464K, committed 35776K, reserved 1081344K
  class space    used 4596K, committed 4736K, reserved 1048576K
}
Event: 8.885 GC heap before
{Heap before GC invocations=18 (full 0):
 garbage-first heap   total 159744K, used 97360K [0x000000074a400000, 0x0000000800000000)
  region size 2048K, 23 young (47104K), 4 survivors (8192K)
 Metaspace       used 35482K, committed 35776K, reserved 1081344K
  class space    used 4598K, committed 4736K, reserved 1048576K
}
Event: 8.889 GC heap after
{Heap after GC invocations=19 (full 0):
 garbage-first heap   total 159744K, used 63315K [0x000000074a400000, 0x0000000800000000)
  region size 2048K, 2 young (4096K), 2 survivors (4096K)
 Metaspace       used 35482K, committed 35776K, reserved 1081344K
  class space    used 4598K, committed 4736K, reserved 1048576K
}
Event: 8.898 GC heap before
{Heap before GC invocations=19 (full 0):
 garbage-first heap   total 159744K, used 104275K [0x000000074a400000, 0x0000000800000000)
  region size 2048K, 23 young (47104K), 2 survivors (4096K)
 Metaspace       used 35535K, committed 35840K, reserved 1081344K
  class space    used 4606K, committed 4736K, reserved 1048576K
}
Event: 8.900 GC heap after
{Heap after GC invocations=20 (full 0):
 garbage-first heap   total 159744K, used 64860K [0x000000074a400000, 0x0000000800000000)
  region size 2048K, 2 young (4096K), 2 survivors (4096K)
 Metaspace       used 35535K, committed 35840K, reserved 1081344K
  class space    used 4606K, committed 4736K, reserved 1048576K
}
Event: 8.910 GC heap before
{Heap before GC invocations=20 (full 0):
 garbage-first heap   total 159744K, used 114012K [0x000000074a400000, 0x0000000800000000)
  region size 2048K, 27 young (55296K), 2 survivors (4096K)
 Metaspace       used 35563K, committed 35904K, reserved 1081344K
  class space    used 4610K, committed 4800K, reserved 1048576K
}
Event: 8.913 GC heap after
{Heap after GC invocations=21 (full 0):
 garbage-first heap   total 159744K, used 66775K [0x000000074a400000, 0x0000000800000000)
  region size 2048K, 3 young (6144K), 3 survivors (6144K)
 Metaspace       used 35563K, committed 35904K, reserved 1081344K
  class space    used 4610K, committed 4800K, reserved 1048576K
}
Event: 8.924 GC heap before
{Heap before GC invocations=21 (full 0):
 garbage-first heap   total 159744K, used 117975K [0x000000074a400000, 0x0000000800000000)
  region size 2048K, 29 young (59392K), 3 survivors (6144K)
 Metaspace       used 35563K, committed 35904K, reserved 1081344K
  class space    used 4610K, committed 4800K, reserved 1048576K
}
Event: 8.934 GC heap after
{Heap after GC invocations=22 (full 0):
 garbage-first heap   total 387072K, used 69017K [0x000000074a400000, 0x0000000800000000)
  region size 2048K, 4 young (8192K), 4 survivors (8192K)
 Metaspace       used 35563K, committed 35904K, reserved 1081344K
  class space    used 4610K, committed 4800K, reserved 1048576K
}
Event: 9.002 GC heap before
{Heap before GC invocations=22 (full 0):
 garbage-first heap   total 387072K, used 275865K [0x000000074a400000, 0x0000000800000000)
  region size 2048K, 106 young (217088K), 4 survivors (8192K)
 Metaspace       used 35563K, committed 35904K, reserved 1081344K
  class space    used 4610K, committed 4800K, reserved 1048576K
}
Event: 9.008 GC heap after
{Heap after GC invocations=23 (full 0):
 garbage-first heap   total 387072K, used 77462K [0x000000074a400000, 0x0000000800000000)
  region size 2048K, 8 young (16384K), 8 survivors (16384K)
 Metaspace       used 35563K, committed 35904K, reserved 1081344K
  class space    used 4610K, committed 4800K, reserved 1048576K
}
Event: 9.060 GC heap before
{Heap before GC invocations=23 (full 0):
 garbage-first heap   total 387072K, used 290454K [0x000000074a400000, 0x0000000800000000)
  region size 2048K, 113 young (231424K), 8 survivors (16384K)
 Metaspace       used 35563K, committed 35904K, reserved 1081344K
  class space    used 4610K, committed 4800K, reserved 1048576K
}
Event: 9.068 GC heap after
{Heap after GC invocations=24 (full 0):
 garbage-first heap   total 387072K, used 86149K [0x000000074a400000, 0x0000000800000000)
  region size 2048K, 12 young (24576K), 12 survivors (24576K)
 Metaspace       used 35563K, committed 35904K, reserved 1081344K
  class space    used 4610K, committed 4800K, reserved 1048576K
}
Event: 9.106 GC heap before
{Heap before GC invocations=24 (full 0):
 garbage-first heap   total 387072K, used 290949K [0x000000074a400000, 0x0000000800000000)
  region size 2048K, 113 young (231424K), 12 survivors (24576K)
 Metaspace       used 35563K, committed 35904K, reserved 1081344K
  class space    used 4610K, committed 4800K, reserved 1048576K
}
Event: 9.118 GC heap after
{Heap after GC invocations=25 (full 0):
 garbage-first heap   total 387072K, used 96210K [0x000000074a400000, 0x0000000800000000)
  region size 2048K, 10 young (20480K), 10 survivors (20480K)
 Metaspace       used 35563K, committed 35904K, reserved 1081344K
  class space    used 4610K, committed 4800K, reserved 1048576K
}
Event: 9.157 GC heap before
{Heap before GC invocations=25 (full 0):
 garbage-first heap   total 387072K, used 305106K [0x000000074a400000, 0x0000000800000000)
  region size 2048K, 113 young (231424K), 10 survivors (20480K)
 Metaspace       used 35563K, committed 35904K, reserved 1081344K
  class space    used 4610K, committed 4800K, reserved 1048576K
}

